app/build/intermediates/manifest_merge_blame_file/debug/manifest-merger-blame-debug-report.txt
1<?xml version="1.0" encoding="utf-8"?>
2<manifest xmlns:android="http://schemas.android.com/apk/res/android"
3    package="com.example.mykbbi"
4    android:versionCode="1"
5    android:versionName="1.0" >
6
7    <uses-sdk
8        android:minSdkVersion="19"
8-->src\main\AndroidManifest.xml
9        android:targetSdkVersion="29" />
9-->src\main\AndroidManifest.xml
10
11    <application
11-->src\main\AndroidManifest.xml:5:5-25:19
12        android:allowBackup="true"
12-->src\main\AndroidManifest.xml:6:9-35
13        android:appComponentFactory="androidx.core.app.CoreComponentFactory"
13-->[androidx.core:core:1.0.1] AndroidManifest.xml:22:18-86
14        android:debuggable="true"
15        android:icon="@drawable/kbbi"
15-->src\main\AndroidManifest.xml:7:9-38
16        android:label="@string/app_name"
16-->src\main\AndroidManifest.xml:8:9-41
17        android:roundIcon="@drawable/kbbi"
17-->src\main\AndroidManifest.xml:9:9-43
18        android:supportsRtl="true"
18-->src\main\AndroidManifest.xml:10:9-35
19        android:theme="@style/AppTheme" >
19-->src\main\AndroidManifest.xml:11:9-40
20        <activity android:name="com.example.mykbbi.UI.SettingActivity" />
20-->src\main\AndroidManifest.xml:12:9-65
20-->src\main\AndroidManifest.xml:12:19-53
21        <activity android:name="com.example.mykbbi.UI.GameActivity" />
21-->src\main\AndroidManifest.xml:13:9-53
21-->src\main\AndroidManifest.xml:13:19-50
22        <activity android:name="com.example.mykbbi.UI.InfoKataActivity" />
22-->src\main\AndroidManifest.xml:14:9-57
22-->src\main\AndroidManifest.xml:14:19-54
23        <activity android:name="com.example.mykbbi.UI.NilaiTertinggiActivity" />
23-->src\main\AndroidManifest.xml:15:9-63
23-->src\main\AndroidManifest.xml:15:19-60
24        <activity android:name="com.example.mykbbi.UI.TentangActivity" />
24-->src\main\AndroidManifest.xml:16:9-56
24-->src\main\AndroidManifest.xml:16:19-53
25        <activity android:name="com.example.mykbbi.UI.HasilActivity" />
25-->src\main\AndroidManifest.xml:17:9-54
25-->src\main\AndroidManifest.xml:17:19-51
26        <activity android:name="com.example.mykbbi.MainActivity" >
26-->src\main\AndroidManifest.xml:18:9-24:20
26-->src\main\AndroidManifest.xml:18:19-47
27            <intent-filter>
27-->src\main\AndroidManifest.xml:19:13-23:29
28                <action android:name="android.intent.action.MAIN" />
28-->src\main\AndroidManifest.xml:20:17-69
28-->src\main\AndroidManifest.xml:20:25-66
29
30                <category android:name="android.intent.category.LAUNCHER" />
30-->src\main\AndroidManifest.xml:22:17-77
30-->src\main\AndroidManifest.xml:22:27-74
31            </intent-filter>
32        </activity>
33
34        <provider
34-->[androidx.lifecycle:lifecycle-process:2.0.0] AndroidManifest.xml:23:9-27:43
35            android:name="androidx.lifecycle.ProcessLifecycleOwnerInitializer"
35-->[androidx.lifecycle:lifecycle-process:2.0.0] AndroidManifest.xml:24:13-79
36            android:authorities="com.example.mykbbi.lifecycle-process"
36-->[androidx.lifecycle:lifecycle-process:2.0.0] AndroidManifest.xml:25:13-69
37            android:exported="false"
37-->[androidx.lifecycle:lifecycle-process:2.0.0] AndroidManifest.xml:26:13-37
38            android:multiprocess="true" />
38-->[androidx.lifecycle:lifecycle-process:2.0.0] AndroidManifest.xml:27:13-40
39    </application>
40
41</manifest>